c:\users\stefan\desktop\omega project\omega's unknown universe\omega's unknown universe\x64\debug\vc143.pdb
c:\users\stefan\desktop\omega project\omega's unknown universe\omega's unknown universe\x64\debug\vc143.idb
c:\users\stefan\desktop\omega project\omega's unknown universe\omega's unknown universe\x64\debug\zapper.obj
c:\users\stefan\desktop\omega project\omega's unknown universe\omega's unknown universe\x64\debug\auto-cannon.obj
c:\users\stefan\desktop\omega project\omega's unknown universe\omega's unknown universe\x64\debug\spaceship.obj
c:\users\stefan\desktop\omega project\omega's unknown universe\omega's unknown universe\x64\debug\shield.obj
c:\users\stefan\desktop\omega project\omega's unknown universe\omega's unknown universe\x64\debug\main.obj
c:\users\stefan\desktop\omega project\omega's unknown universe\omega's unknown universe\x64\debug\icon.obj
c:\users\stefan\desktop\omega project\omega's unknown universe\omega's unknown universe\x64\debug\game.obj
c:\users\stefan\desktop\omega project\omega's unknown universe\omega's unknown universe\x64\debug\engine.obj
c:\users\stefan\desktop\omega project\omega's unknown universe\omega's unknown universe\x64\debug\bullet_zapper.obj
c:\users\stefan\desktop\omega project\omega's unknown universe\omega's unknown universe\x64\debug\bullet_auto-cannon.obj
c:\users\stefan\desktop\omega project\omega's unknown universe\omega's unknown universe\x64\debug\background.obj
c:\users\stefan\desktop\omega project\omega's unknown universe\omega's unknown universe\x64\debug\asteroid.obj
c:\users\stefan\desktop\omega project\omega's unknown universe\x64\debug\o.u.u.exe
c:\users\stefan\desktop\omega project\omega's unknown universe\omega's unknown universe\x64\debug\o.u.u.tlog\cl.command.1.tlog
c:\users\stefan\desktop\omega project\omega's unknown universe\omega's unknown universe\x64\debug\o.u.u.tlog\cl.read.1.tlog
c:\users\stefan\desktop\omega project\omega's unknown universe\omega's unknown universe\x64\debug\o.u.u.tlog\cl.write.1.tlog
c:\users\stefan\desktop\omega project\omega's unknown universe\omega's unknown universe\x64\debug\o.u.u.tlog\link.command.1.tlog
c:\users\stefan\desktop\omega project\omega's unknown universe\omega's unknown universe\x64\debug\o.u.u.tlog\link.read.1.tlog
c:\users\stefan\desktop\omega project\omega's unknown universe\omega's unknown universe\x64\debug\o.u.u.tlog\link.write.1.tlog
